<?xml version="1.0" encoding="utf-8"?><testsuites name="pytest tests"><testsuite name="pytest" errors="0" failures="0" skipped="3" tests="13" time="44.599" timestamp="2026-04-16T19:55:52.579024+00:00" hostname="agent-env-f26f54f3-da60-42ce-a8d8-d67681256720"><testcase classname="test_customer_auth.TestCustomerLogin" name="test_customer_login_success" time="19.933" /><testcase classname="test_customer_auth.TestCustomerLogin" name="test_customer_login_invalid_password" time="19.891" /><testcase classname="test_customer_auth.TestCustomerLogin" name="test_customer_login_nonexistent_user" time="0.180" /><testcase classname="test_customer_auth.TestCustomerLogin" name="test_customer_login_empty_username" time="0.110" /><testcase classname="test_customer_auth.TestCustomerLogin" name="test_customer_login_empty_password" time="0.121" /><testcase classname="test_customer_auth.TestCustomerChangePassword" name="test_change_password_success" time="1.747" /><testcase classname="test_customer_auth.TestCustomerChangePassword" name="test_change_password_wrong_current" time="0.356"><skipped type="pytest.skip" message="Could not get customer token">/app/backend/tests/test_customer_auth.py:119: Could not get customer token</skipped></testcase><testcase classname="test_customer_auth.TestCustomerChangePassword" name="test_change_password_same_password" time="0.338"><skipped type="pytest.skip" message="Could not get customer token">/app/backend/tests/test_customer_auth.py:135: Could not get customer token</skipped></testcase><testcase classname="test_customer_auth.TestCustomerChangePassword" name="test_change_password_weak_password" time="0.339"><skipped type="pytest.skip" message="Could not get customer token">/app/backend/tests/test_customer_auth.py:151: Could not get customer token</skipped></testcase><testcase classname="test_customer_auth.TestCustomerChangePassword" name="test_change_password_no_auth" time="0.115" /><testcase classname="test_customer_auth.TestPasswordChangeGuardMiddleware" name="test_middleware_blocks_when_must_change_password" time="0.531" /><testcase classname="test_customer_auth.TestEmployeeLoginNotBroken" name="test_employee_login_success" time="0.407" /><testcase classname="test_customer_auth.TestEmployeeLoginNotBroken" name="test_employee_auth_me" time="0.475" /></testsuite></testsuites>