<?xml version="1.0" encoding="utf-8"?><testsuites name="pytest tests"><testsuite name="pytest" errors="0" failures="0" skipped="0" tests="9" time="4.259" timestamp="2026-04-01T18:41:22.548844+00:00" hostname="agent-env-f26f54f3-da60-42ce-a8d8-d67681256720"><testcase classname="test_customer_draft_view.TestCustomerAuth" name="test_customer_login_success" time="0.386" /><testcase classname="test_customer_draft_view.TestCustomerDraftAPIs" name="test_get_customer_profile" time="0.453" /><testcase classname="test_customer_draft_view.TestCustomerDraftAPIs" name="test_get_customer_draft" time="0.457" /><testcase classname="test_customer_draft_view.TestCustomerDraftAPIs" name="test_get_customer_products" time="0.475" /><testcase classname="test_customer_draft_view.TestCustomerDraftAPIs" name="test_get_consumption_summary" time="0.448" /><testcase classname="test_customer_draft_view.TestCustomerDraftAPIs" name="test_working_copy_flow" time="0.571" /><testcase classname="test_customer_draft_view.TestDraftDataValidation" name="test_draft_items_have_no_plasiyer_only_fields" time="0.475" /><testcase classname="test_customer_draft_view.TestDraftDataValidation" name="test_draft_items_have_required_customer_fields" time="0.477" /><testcase classname="test_customer_draft_view.TestDraftDataValidation" name="test_route_info_has_next_delivery_day" time="0.468" /></testsuite></testsuites>