<?xml version="1.0" encoding="utf-8"?><testsuites name="pytest tests"><testsuite name="pytest" errors="0" failures="0" skipped="0" tests="9" time="3.749" timestamp="2026-04-16T20:06:13.545970+00:00" hostname="agent-env-f26f54f3-da60-42ce-a8d8-d67681256720"><testcase classname="test_draft_customers_batch.TestDraftCustomersAPI" name="test_plasiyer_login_success" time="0.454" /><testcase classname="test_draft_customers_batch.TestDraftCustomersAPI" name="test_get_draft_customers_success" time="0.424" /><testcase classname="test_draft_customers_batch.TestDraftCustomersAPI" name="test_get_draft_customers_without_salesperson_id" time="0.456" /><testcase classname="test_draft_customers_batch.TestDraftCustomersAPI" name="test_get_draft_customers_wrong_salesperson_id" time="0.620" /><testcase classname="test_draft_customers_batch.TestDraftCustomersAPI" name="test_approve_draft_customer_not_found" time="0.492" /><testcase classname="test_draft_customers_batch.TestDraftCustomersAPI" name="test_approve_draft_customer_validation" time="0.470" /><testcase classname="test_draft_customers_batch.TestDraftCustomersDataStructure" name="test_draft_customer_fields" time="0.490" /><testcase classname="test_draft_customers_batch.TestNoAuthAccess" name="test_get_draft_customers_no_auth" time="0.151" /><testcase classname="test_draft_customers_batch.TestNoAuthAccess" name="test_approve_draft_customer_no_auth" time="0.136" /></testsuite></testsuites>