<?xml version="1.0" encoding="utf-8"?><testsuites name="pytest tests"><testsuite name="pytest" errors="0" failures="0" skipped="0" tests="11" time="6.443" timestamp="2026-02-18T20:05:28.798294+00:00" hostname="agent-env-38671816-68b8-4e90-9e10-b2cc0771288c"><testcase classname="backend.tests.test_excel_import_verification.TestExcelDeliveryHistory" name="test_delivery_history_returns_208_deliveries" time="1.229" /><testcase classname="backend.tests.test_excel_import_verification.TestExcelDeliveryHistory" name="test_deliveries_have_excel_invoice_prefix" time="0.698" /><testcase classname="backend.tests.test_excel_import_verification.TestExcelDeliveryHistory" name="test_each_delivery_has_9_items" time="0.858" /><testcase classname="backend.tests.test_excel_import_verification.TestExcelDeliveryHistory" name="test_all_deliveries_are_accepted" time="0.736" /><testcase classname="backend.tests.test_excel_import_verification.TestExcelDeliveryHistory" name="test_deliveries_sorted_by_date_desc" time="0.727" /><testcase classname="backend.tests.test_excel_import_verification.TestExcelDraftGeneration" name="test_draft_has_items" time="0.212" /><testcase classname="backend.tests.test_excel_import_verification.TestExcelDraftGeneration" name="test_draft_has_nonzero_suggested_qty" time="0.101" /><testcase classname="backend.tests.test_excel_import_verification.TestExcelDraftGeneration" name="test_200ml_ayran_suggested_qty" time="0.081" /><testcase classname="backend.tests.test_excel_import_verification.TestExcelDraftGeneration" name="test_draft_items_have_product_names" time="0.139" /><testcase classname="backend.tests.test_excel_import_verification.TestDeliveryItems" name="test_delivery_items_have_product_names" time="0.749" /><testcase classname="backend.tests.test_excel_import_verification.TestDeliveryItems" name="test_date_range_covers_excel_period" time="0.859" /></testsuite></testsuites>