<?xml version="1.0" encoding="utf-8"?><testsuites name="pytest tests"><testsuite name="pytest" errors="0" failures="0" skipped="0" tests="12" time="2.461" timestamp="2026-04-18T00:23:25.060259+00:00" hostname="agent-env-f26f54f3-da60-42ce-a8d8-d67681256720"><testcase classname="test_gib_live_endpoints.TestGibLiveStatus" name="test_status_returns_200" time="0.539" /><testcase classname="test_gib_live_endpoints.TestGibLiveStatus" name="test_status_returns_valid_structure" time="0.122" /><testcase classname="test_gib_live_endpoints.TestGibLiveStatus" name="test_status_requires_auth" time="0.119" /><testcase classname="test_gib_live_endpoints.TestGibLiveDisconnect" name="test_disconnect_returns_200" time="0.114" /><testcase classname="test_gib_live_endpoints.TestGibLiveDisconnect" name="test_disconnect_returns_valid_structure" time="0.107" /><testcase classname="test_gib_live_endpoints.TestGibLiveDisconnect" name="test_disconnect_requires_auth" time="0.139" /><testcase classname="test_gib_live_endpoints.TestGibLiveConnect" name="test_connect_requires_auth" time="0.111" /><testcase classname="test_gib_live_endpoints.TestGibLiveConnect" name="test_connect_validates_payload" time="0.228" /><testcase classname="test_gib_live_endpoints.TestGibLiveImport" name="test_import_requires_auth" time="0.127" /><testcase classname="test_gib_live_endpoints.TestGibLiveImport" name="test_import_validates_date_format" time="0.122" /><testcase classname="test_gib_live_endpoints.TestGibLiveImport" name="test_import_when_not_connected" time="0.227" /><testcase classname="test_gib_live_endpoints.TestGibRoleAuthorization" name="test_customer_cannot_access_gib_status" time="0.442" /></testsuite></testsuites>