<?xml version="1.0" encoding="utf-8"?><testsuites name="pytest tests"><testsuite name="pytest" errors="0" failures="0" skipped="0" tests="10" time="2.317" timestamp="2026-02-24T00:47:31.947374+00:00" hostname="agent-env-d4cfe24a-ffe0-4600-9f4b-19e4a274623f"><testcase classname="test_plasiyer_customers.TestPlasiyerLogin" name="test_login_success" time="0.422" /><testcase classname="test_plasiyer_customers.TestPlasiyerLogin" name="test_login_invalid_credentials" time="0.158" /><testcase classname="test_plasiyer_customers.TestCustomersSummary" name="test_get_customers_summary_success" time="0.545" /><testcase classname="test_plasiyer_customers.TestCustomersSummary" name="test_customers_summary_data_structure" time="0.124" /><testcase classname="test_plasiyer_customers.TestCustomersSummary" name="test_customers_summary_unauthorized" time="0.171" /><testcase classname="test_plasiyer_customers.TestCustomersList" name="test_get_customers_list" time="0.138" /><testcase classname="test_plasiyer_customers.TestCustomersList" name="test_customers_have_route_plan" time="0.127" /><testcase classname="test_plasiyer_customers.TestDeliveries" name="test_get_deliveries" time="0.226" /><testcase classname="test_plasiyer_customers.TestOrders" name="test_get_orders" time="0.183" /><testcase classname="test_plasiyer_customers.TestProducts" name="test_get_products" time="0.112" /></testsuite></testsuites>