<?xml version="1.0" encoding="utf-8"?><testsuites name="pytest tests"><testsuite name="pytest" errors="0" failures="0" skipped="0" tests="30" time="5.667" timestamp="2026-02-18T19:06:16.531301+00:00" hostname="agent-env-339f18c6-15c9-4c38-ba8a-3cad22aaf7fd"><testcase classname="backend.tests.test_seftali_apis.TestAuthentication" name="test_customer_login" time="0.470" /><testcase classname="backend.tests.test_seftali_apis.TestAuthentication" name="test_customer2_login" time="0.353" /><testcase classname="backend.tests.test_seftali_apis.TestAuthentication" name="test_sales_rep_login" time="0.293" /><testcase classname="backend.tests.test_seftali_apis.TestAuthentication" name="test_plasiyer_login" time="0.300" /><testcase classname="backend.tests.test_seftali_apis.TestAuthentication" name="test_admin_login" time="0.285" /><testcase classname="backend.tests.test_seftali_apis.TestCustomerAPIs" name="test_get_profile" time="0.380" /><testcase classname="backend.tests.test_seftali_apis.TestCustomerAPIs" name="test_get_products" time="0.076" /><testcase classname="backend.tests.test_seftali_apis.TestCustomerAPIs" name="test_get_draft" time="0.084" /><testcase classname="backend.tests.test_seftali_apis.TestCustomerAPIs" name="test_get_pending_deliveries" time="0.068" /><testcase classname="backend.tests.test_seftali_apis.TestCustomerAPIs" name="test_get_pending_variance" time="0.064" /><testcase classname="backend.tests.test_seftali_apis.TestCustomerDeliveryAccept" name="test_accept_delivery_double_accept_returns_409" time="0.269" /><testcase classname="backend.tests.test_seftali_apis.TestCustomerStockDeclaration" name="test_create_stock_declaration" time="0.112" /><testcase classname="backend.tests.test_seftali_apis.TestCustomerStockDeclaration" name="test_stock_declaration_no_duplicate_products" time="0.124" /><testcase classname="backend.tests.test_seftali_apis.TestCustomerWorkingCopy" name="test_start_working_copy" time="0.078" /><testcase classname="backend.tests.test_seftali_apis.TestCustomerWorkingCopy" name="test_working_copy_user_qty_zero_returns_400" time="0.143" /><testcase classname="backend.tests.test_seftali_apis.TestSalesAPIs" name="test_list_customers" time="0.352" /><testcase classname="backend.tests.test_seftali_apis.TestSalesAPIs" name="test_list_products" time="0.054" /><testcase classname="backend.tests.test_seftali_apis.TestSalesAPIs" name="test_create_delivery" time="0.195" /><testcase classname="backend.tests.test_seftali_apis.TestSalesAPIs" name="test_create_delivery_qty_must_be_positive" time="0.210" /><testcase classname="backend.tests.test_seftali_apis.TestSalesAPIs" name="test_create_delivery_no_duplicate_products" time="0.186" /><testcase classname="backend.tests.test_seftali_apis.TestSalesAPIs" name="test_list_deliveries" time="0.056" /><testcase classname="backend.tests.test_seftali_apis.TestSalesAPIs" name="test_list_orders" time="0.071" /><testcase classname="backend.tests.test_seftali_apis.TestSalesPlasiyerAccess" name="test_plasiyer_can_list_customers" time="0.363" /><testcase classname="backend.tests.test_seftali_apis.TestSalesPlasiyerAccess" name="test_plasiyer_can_create_delivery" time="0.236" /><testcase classname="backend.tests.test_seftali_apis.TestAdminAPIs" name="test_health_summary" time="0.365" /><testcase classname="backend.tests.test_seftali_apis.TestAdminAPIs" name="test_list_variance" time="0.064" /><testcase classname="backend.tests.test_seftali_apis.TestAdminAPIs" name="test_list_deliveries" time="0.087" /><testcase classname="backend.tests.test_seftali_apis.TestAuthorization" name="test_customer_cannot_access_sales_endpoints" time="0.071" /><testcase classname="backend.tests.test_seftali_apis.TestAuthorization" name="test_customer_cannot_access_admin_endpoints" time="0.064" /><testcase classname="backend.tests.test_seftali_apis.TestAuthorization" name="test_sales_cannot_access_admin_endpoints" time="0.057" /></testsuite></testsuites>