<?xml version="1.0" encoding="utf-8"?><testsuites name="pytest tests"><testsuite name="pytest" errors="0" failures="0" skipped="0" tests="10" time="4.016" timestamp="2026-03-21T18:26:24.031739+00:00" hostname="agent-env-f26f54f3-da60-42ce-a8d8-d67681256720"><testcase classname="test_rut_page.TestRutPageAPIs" name="test_route_customers_mon_returns_data" time="0.430" /><testcase classname="test_rut_page.TestRutPageAPIs" name="test_route_customers_tue_returns_data" time="0.382" /><testcase classname="test_rut_page.TestRutPageAPIs" name="test_route_customers_sat_empty" time="0.456" /><testcase classname="test_rut_page.TestRutPageAPIs" name="test_route_customer_data_structure" time="0.390" /><testcase classname="test_rut_page.TestRutPageAPIs" name="test_route_customer_order_status_values" time="0.384" /><testcase classname="test_rut_page.TestRutPageAPIs" name="test_route_customer_visit_order_field" time="0.381" /><testcase classname="test_rut_page.TestRutPageAPIs" name="test_route_customers_invalid_day" time="0.381" /><testcase classname="test_rut_page.TestRutPageAPIs" name="test_route_customers_lowercase_day" time="0.385" /><testcase classname="test_rut_page.TestRutPageAPIs" name="test_customers_summary_api" time="0.398" /><testcase classname="test_rut_page.TestRutPageAPIs" name="test_customers_list_api" time="0.379" /></testsuite></testsuites>