<?xml version="1.0" encoding="utf-8"?><testsuites name="pytest tests"><testsuite name="pytest" errors="0" failures="0" skipped="0" tests="10" time="5.428" timestamp="2026-03-24T19:38:41.718445+00:00" hostname="agent-env-f26f54f3-da60-42ce-a8d8-d67681256720"><testcase classname="test_warehouse_draft.TestWarehouseDraftAPIs" name="test_warehouse_draft_returns_success" time="0.516" /><testcase classname="test_warehouse_draft.TestWarehouseDraftAPIs" name="test_warehouse_draft_has_route_day" time="0.406" /><testcase classname="test_warehouse_draft.TestWarehouseDraftAPIs" name="test_warehouse_draft_has_summary_counts" time="0.402" /><testcase classname="test_warehouse_draft.TestWarehouseDraftAPIs" name="test_warehouse_draft_has_order_items" time="0.434" /><testcase classname="test_warehouse_draft.TestWarehouseDraftAPIs" name="test_warehouse_draft_order_item_structure" time="0.394" /><testcase classname="test_warehouse_draft.TestWarehouseDraftAPIs" name="test_warehouse_draft_plasiyer_stock_values" time="1.468" /><testcase classname="test_warehouse_draft.TestWarehouseDraftAPIs" name="test_warehouse_draft_box_size_values" time="0.452" /><testcase classname="test_warehouse_draft.TestWarehouseDraftAPIs" name="test_warehouse_draft_cutoff_info" time="0.442" /><testcase classname="test_warehouse_draft.TestWarehouseDraftAPIs" name="test_warehouse_draft_submit_endpoint_exists" time="0.394" /><testcase classname="test_warehouse_draft.TestWarehouseDraftAPIs" name="test_warehouse_draft_total_calculations" time="0.417" /></testsuite></testsuites>